<?xml version="1.0" encoding="UTF-8"?>
<testsuite name="org.bedu.java.backend.sesion1.CalculadoraTest" tests="3" skipped="0" failures="0" errors="0" timestamp="2023-10-30T19:02:55" hostname="MacBook-Pro-de-CARLOS.local" time="0.019">
  <properties/>
  <testcase name="Prueba resta" classname="org.bedu.java.backend.sesion1.CalculadoraTest" time="0.016"/>
  <testcase name="Prueba suma" classname="org.bedu.java.backend.sesion1.CalculadoraTest" time="0.001"/>
  <testcase name="Prueba multiplicacion" classname="org.bedu.java.backend.sesion1.CalculadoraTest" time="0.001"/>
  <system-out><![CDATA[]]></system-out>
  <system-err><![CDATA[]]></system-err>
</testsuite>
